<?xml version="1.0" encoding="UTF-8"?>
<!-- Generated by org.testng.reporters.JUnitXMLReporter -->
<testsuite ignored="0" hostname="LAPTOP-CCPJRHHI" failures="0" tests="12" name="Article_Searching_Clicking_Tests" time="430.334" errors="0" timestamp="2023-06-26T19:02:46 IST">
  <testcase classname="clickAds.clickAds" name="onlyVist" time="19.976"/>
  <testcase classname="clickAds.clickAds" name="onlyVist" time="19.626"/>
  <testcase classname="clickAds.clickAds" name="onlyVist" time="19.68"/>
  <testcase classname="clickAds.clickAds" name="onlyVist" time="19.591"/>
  <testcase classname="clickAds.clickAds" name="onlyVist" time="19.514"/>
  <testcase classname="clickAds.clickAds" name="onlyVist" time="19.524"/>
  <testcase classname="clickAds.clickAds" name="onlyVist" time="19.183"/>
  <testcase classname="clickAds.clickAds" name="onlyVist" time="19.579"/>
  <testcase classname="clickAds.clickAds" name="onlyVist" time="20.281"/>
  <testcase classname="clickAds.clickAds" name="visitAndClick" time="79.24"/>
  <testcase classname="clickAds.clickAds" name="visitAndClick" time="79.31"/>
  <testcase classname="clickAds.clickAds" name="visitAndClick" time="79.511"/>
</testsuite> <!-- Article_Searching_Clicking_Tests -->
